<?xml version="1.0" encoding="UTF-8"?>
<testng-results skipped="0" failed="1" total="2" passed="1">
  <reporter-output>
  </reporter-output>
  <suite name="Default suite" duration-ms="636" started-at="2015-05-10T20:35:56Z" finished-at="2015-05-10T20:35:57Z">
    <groups>
    </groups>
    <test name="Default test" duration-ms="636" started-at="2015-05-10T20:35:56Z" finished-at="2015-05-10T20:35:57Z">
      <class name="com.FCI.SWE.Models.NotificationsTest">
        <test-method status="PASS" signature="setUp()[pri:0, instance:com.FCI.SWE.Models.NotificationsTest@6b38c54e]" name="setUp" is-config="true" duration-ms="46" started-at="2015-05-10T23:35:56Z" finished-at="2015-05-10T23:35:56Z">
          <reporter-output>
          </reporter-output>
        </test-method> <!-- setUp -->
        <test-method status="PASS" signature="Notifications()[pri:0, instance:com.FCI.SWE.Models.NotificationsTest@6b38c54e]" name="Notifications" duration-ms="12" started-at="2015-05-10T23:35:56Z" finished-at="2015-05-10T23:35:56Z">
          <reporter-output>
          </reporter-output>
        </test-method> <!-- Notifications -->
        <test-method status="FAIL" signature="Notifiy()[pri:0, instance:com.FCI.SWE.Models.NotificationsTest@6b38c54e]" name="Notifiy" duration-ms="528" started-at="2015-05-10T23:35:56Z" finished-at="2015-05-10T23:35:57Z">
          <exception class="java.lang.NoSuchMethodError">
            <message>
              <![CDATA[com.google.appengine.tools.development.LocalServiceContext.getAppDir()Ljava/io/File;]]>
            </message>
            <full-stacktrace>
              <![CDATA[java.lang.NoSuchMethodError: com.google.appengine.tools.development.LocalServiceContext.getAppDir()Ljava/io/File;
	at com.google.appengine.api.datastore.dev.LocalDatastoreService.init(LocalDatastoreService.java:254)
	at com.google.appengine.tools.development.ApiProxyLocalImpl.startServices(ApiProxyLocalImpl.java:380)
	at com.google.appengine.tools.development.ApiProxyLocalImpl.access$600(ApiProxyLocalImpl.java:42)
	at com.google.appengine.tools.development.ApiProxyLocalImpl$2.run(ApiProxyLocalImpl.java:363)
	at com.google.appengine.tools.development.ApiProxyLocalImpl$2.run(ApiProxyLocalImpl.java:361)
	at java.security.AccessController.doPrivileged(Native Method)
	at com.google.appengine.tools.development.ApiProxyLocalImpl.getService(ApiProxyLocalImpl.java:360)
	at com.google.appengine.tools.development.ApiProxyLocalImpl$AsyncApiCall.call(ApiProxyLocalImpl.java:282)
	at com.google.appengine.tools.development.ApiProxyLocalImpl$AsyncApiCall.call(ApiProxyLocalImpl.java:265)
	at java.util.concurrent.Executors$PrivilegedCallable$1.run(Executors.java:493)
	at java.security.AccessController.doPrivileged(Native Method)
	at java.util.concurrent.Executors$PrivilegedCallable.call(Executors.java:490)
	at java.util.concurrent.FutureTask.run(FutureTask.java:262)
	at java.util.concurrent.ThreadPoolExecutor.runWorker(ThreadPoolExecutor.java:1145)
	at java.util.concurrent.ThreadPoolExecutor$Worker.run(ThreadPoolExecutor.java:615)
	at java.lang.Thread.run(Thread.java:745)
]]>
            </full-stacktrace>
          </exception> <!-- java.lang.NoSuchMethodError -->
          <reporter-output>
          </reporter-output>
        </test-method> <!-- Notifiy -->
        <test-method status="FAIL" signature="tearDown()[pri:0, instance:com.FCI.SWE.Models.NotificationsTest@6b38c54e]" name="tearDown" is-config="true" duration-ms="0" started-at="2015-05-10T23:35:57Z" finished-at="2015-05-10T23:35:57Z">
          <exception class="java.lang.NoSuchMethodError">
            <message>
              <![CDATA[com.google.appengine.tools.development.LocalServiceContext.getAppDir()Ljava/io/File;]]>
            </message>
            <full-stacktrace>
              <![CDATA[java.lang.NoSuchMethodError: com.google.appengine.tools.development.LocalServiceContext.getAppDir()Ljava/io/File;
	at com.google.appengine.api.datastore.dev.LocalDatastoreService.init(LocalDatastoreService.java:254)
	at com.google.appengine.tools.development.ApiProxyLocalImpl.startServices(ApiProxyLocalImpl.java:380)
	at com.google.appengine.tools.development.ApiProxyLocalImpl.access$600(ApiProxyLocalImpl.java:42)
	at com.google.appengine.tools.development.ApiProxyLocalImpl$2.run(ApiProxyLocalImpl.java:363)
	at com.google.appengine.tools.development.ApiProxyLocalImpl$2.run(ApiProxyLocalImpl.java:361)
	at java.security.AccessController.doPrivileged(Native Method)
	at com.google.appengine.tools.development.ApiProxyLocalImpl.getService(ApiProxyLocalImpl.java:360)
	at com.google.appengine.tools.development.testing.LocalServiceTestHelper.getLocalService(LocalServiceTestHelper.java:300)
	at com.google.appengine.tools.development.testing.LocalDatastoreServiceTestConfig.getLocalDatastoreService(LocalDatastoreServiceTestConfig.java:142)
	at com.google.appengine.tools.development.testing.LocalDatastoreServiceTestConfig.tearDown(LocalDatastoreServiceTestConfig.java:137)
	at com.google.appengine.tools.development.testing.LocalServiceTestHelper.tearDown(LocalServiceTestHelper.java:262)
	at com.FCI.SWE.Models.NotificationsTest.tearDown(NotificationsTest.java:36)
	at sun.reflect.NativeMethodAccessorImpl.invoke0(Native Method)
	at sun.reflect.NativeMethodAccessorImpl.invoke(NativeMethodAccessorImpl.java:57)
	at sun.reflect.DelegatingMethodAccessorImpl.invoke(DelegatingMethodAccessorImpl.java:43)
	at java.lang.reflect.Method.invoke(Method.java:606)
	at org.testng.internal.MethodInvocationHelper.invokeMethod(MethodInvocationHelper.java:85)
	at org.testng.internal.Invoker.invokeConfigurationMethod(Invoker.java:517)
	at org.testng.internal.Invoker.invokeConfigurations(Invoker.java:213)
	at org.testng.internal.Invoker.invokeConfigurations(Invoker.java:140)
	at org.testng.internal.TestMethodWorker.invokeAfterClassMethods(TestMethodWorker.java:220)
	at org.testng.internal.TestMethodWorker.run(TestMethodWorker.java:111)
	at org.testng.TestRunner.privateRun(TestRunner.java:771)
	at org.testng.TestRunner.run(TestRunner.java:621)
	at org.testng.SuiteRunner.runTest(SuiteRunner.java:352)
	at org.testng.SuiteRunner.runSequentially(SuiteRunner.java:347)
	at org.testng.SuiteRunner.privateRun(SuiteRunner.java:305)
	at org.testng.SuiteRunner.run(SuiteRunner.java:254)
	at org.testng.SuiteRunnerWorker.runSuite(SuiteRunnerWorker.java:52)
	at org.testng.SuiteRunnerWorker.run(SuiteRunnerWorker.java:86)
	at org.testng.TestNG.runSuitesSequentially(TestNG.java:1199)
	at org.testng.TestNG.runSuitesLocally(TestNG.java:1124)
	at org.testng.TestNG.run(TestNG.java:1032)
	at org.testng.remote.RemoteTestNG.run(RemoteTestNG.java:111)
	at org.testng.remote.RemoteTestNG.initAndRun(RemoteTestNG.java:204)
	at org.testng.remote.RemoteTestNG.main(RemoteTestNG.java:175)
]]>
            </full-stacktrace>
          </exception> <!-- java.lang.NoSuchMethodError -->
          <reporter-output>
          </reporter-output>
        </test-method> <!-- tearDown -->
      </class> <!-- com.FCI.SWE.Models.NotificationsTest -->
    </test> <!-- Default test -->
  </suite> <!-- Default suite -->
</testng-results>
